292 4 1
1	1.57286e+06	1.63248e+07	81.09	2069.04	:	0
2	705024	1.051e+07	93.17	830.18	:	0
3	786432	8.16238e+06	81.09	2069.04	:	1
4	147456	2.897e+06	90.96	846.42	:	0
5	186368	2.566e+06	54.58	635.15	:	2
6	298592	1.941e+06	73.87	377.48	:	2
7	163840	1.72549e+06	82.28	2099.45	:	0
8	131072	1.38039e+06	82.28	2099.46	:	0
9	77184	1.359e+06	81.52	603.73	:	1
10	120640	1.271e+06	42.59	492.64	:	3
11	125980	1.243e+06	71.77	311.77	:	3
12	70560	1.237e+06	81.16	562.27	:	2
13	114688	1.20784e+06	82.28	2099.47	:	0
14	73278	1.192e+06	52.11	852.27	:	2
15	142272	1.11e+06	81.27	278.89	:	1
16	153408	1.054e+06	81.79	362.2	:	1
17	138368	1.05e+06	83.7	228.76	:	1
18	76800	1.043e+06	91.86	886.3	:	0
19	122400	1.042e+06	75.74	444.35	:	2
20	98304	1.0353e+06	82.28	2099.48	:	0
21	112800	919100	78.35	297.44	:	2
22	78660	901900	53.05	322.11	:	3
23	39680	886400	72.79	364.92	:	3
25	294912	825500	82.33	363.98	:	1
26	137200	795900	74.37	741.06	:	2
27	46208	773700	80.5	837.19	:	2
28	53248	771700	57.47	668.1	:	3
29	65536	690197	82.28	2099.46	:	1
30	65536	690197	82.28	2099.46	:	1
31	65536	690197	82.28	2099.46	:	1
33	77824	565700	79.01	582	:	2
34	24576	548996	72.79	364.92	:	4
35	24576	548996	72.79	364.92	:	4
36	49152	517648	82.28	2099.48	:	1
37	29440	496500	49.03	919.44	:	2
38	163840	458611	82.33	363.98	:	2
40	62976	433200	74.77	216.6	:	3
41	20800	421600	54.18	1035.13	:	2
42	147456	415700	82.92	366.58	:	1
43	18432	411747	72.79	364.92	:	5
44	22048	396700	86.5	738.73	:	1
47	20480	347400	81.55	775.45	:	2
48	32768	345098	82.28	2099.39	:	2
49	32768	345098	82.28	2099.39	:	2
50	32768	345098	82.28	2099.39	:	2
51	15360	343123	72.79	364.92	:	6
52	19712	336800	82.14	799.62	:	3
54	19680	332000	81.11	731.92	:	4
55	45120	316400	83.48	184.86	:	2
56	45120	316400	83.48	184.86	:	2
57	47840	316200	78.68	405.38	:	3
58	17344	303900	84.24	786.17	:	1
59	16368	299300	58.86	718.12	:	5
62	16160	285800	85.03	797.43	:	1
63	26304	274800	89.14	177.4	:	1
64	26232	274800	89.38	215.53	:	1
65	14720	268100	87.56	848.69	:	1
66	30912	261631	83.63	254.01	:	1
68	17408	251500	44.64	688.1	:	5
70	10240	243900	79.6	438.43	:	5
74	14208	238200	48.4	1050.26	:	3
75	23040	237800	88.77	223.5	:	1
77	37056	230600	67.64	426.72	:	3
80	13312	211700	63.06	732.53	:	4
81	33792	204993	72.22	474.52	:	3
82	38208	204200	71.9	81.48	:	4
83	30912	194400	74.87	318.69	:	4
84	17072	191400	95.66	230.32	:	0
85	65536	190900	85.67	378.77	:	1
87	9904	187373	90.96	910.82	:	0
88	10368	186900	86.67	741.67	:	2
90	8192	185100	73.63	369.11	:	6
91	8192	185100	73.63	369.11	:	6
93	9728	183379	90.63	188.08	:	1
96	10080	178600	85.18	786.78	:	2
97	9440	177512	87.06	682.74	:	2
99	16384	172691	82.35	2101.12	:	0
100	16384	172691	82.35	2101.12	:	0
101	16384	172691	82.35	2101.12	:	0
102	16384	172691	82.35	2101.12	:	0
103	16384	172691	82.35	2101.12	:	0
104	16320	168800	88.25	330.98	:	1
108	15672	162098	88.25	330.98	:	2
110	15360	161800	89.88	225.03	:	1
111	15360	160200	93.12	206.98	:	1
112	22176	160100	85.95	467.72	:	1
113	6912	159600	75.24	377.2	:	6
114	8192	158696	93.13	932.63	:	0
117	20776	152900	83.63	355.58	:	2
121	7680	148778	93.14	932.6	:	0
123	10240	142700	48.67	891.88	:	3
125	14400	136300	88.96	404.45	:	1
126	9280	135400	70.15	643.69	:	5
128	14336	133200	77.43	154.7	:	5
129	14384	132800	76.94	168.96	:	5
130	15456	131900	82.06	521.96	:	4
132	23316	131386	55.68	185.77	:	5
134	6720	130181	93.14	932.59	:	1
137	14400	126500	78.16	458.33	:	5
140	17856	125800	83.87	185.71	:	2
141	22272	125503	52.96	181.78	:	6
143	5120	124756	79.4	398.05	:	6
146	5632	121600	71.99	342.92	:	7
147	8320	120400	50.55	953.51	:	3
149	40960	119310	85.67	378.76	:	2
150	9800	118600	65.53	1176.59	:	3
152	8064	115900	76.45	89.98	:	6
153	8320	115900	74.1	87.21	:	6
154	8320	115900	74.1	87.21	:	6
157	8240	114829	48.15	891.88	:	4
160	12032	110600	91.19	108.43	:	2
164	10752	109300	90.76	230.11	:	1
165	5712	109200	91.91	619.05	:	2
168	11520	108500	83.46	227.46	:	3
172	6210	106300	54.84	901.54	:	4
173	10240	106100	86.34	240.05	:	3
175	10128	104755	88.25	330.98	:	3
176	18576	104676	55.68	196	:	5
177	5544	103200	56.43	1266.26	:	3
181	15104	101741	73.22	122.43	:	5
186	17808	100349	55.68	220.93	:	6
187	6848	98423	76.45	89.88	:	7
188	17344	97959	55.81	186.2	:	6
189	17344	97959	55.81	186.2	:	6
195	17160	96697	48.08	177.02	:	7
197	19160	96444.9	55.68	206.51	:	5
201	32768	95450	85.67	378.77	:	2
205	16716	94195	55.68	196	:	7
206	16716	94195	55.68	196	:	7
207	16716	94195	55.68	196	:	7
208	16716	94195	55.68	196	:	7
209	7392	93647	38.24	865.9	:	5
210	7392	93647	38.24	865.9	:	5
212	9756	92343.2	88.96	354.32	:	2
213	16368	92234	55.68	185.77	:	8
214	16368	92234	55.68	185.77	:	8
215	16368	92234	55.68	185.77	:	8
216	16368	92234	55.68	185.77	:	8
217	16368	92234	55.68	185.77	:	8
218	16368	92234	55.68	185.77	:	8
219	16368	92234	55.68	185.77	:	8
220	16368	92234	55.68	185.77	:	8
221	6400	91620	84.4	579.51	:	3
222	40960	91290	79.6	203.77	:	3
224	4704	91126	93.13	932.62	:	1
225	12512	91030	75.79	252.86	:	6
232	4968	89940	58	817.64	:	4
234	9072	89670	88.25	421.74	:	1
237	15744	88718	55.68	178.23	:	9
238	8568	88620	88.25	368.62	:	2
239	8568	88620	88.25	368.62	:	2
245	11520	87470	83.77	803.95	:	2
246	10224	87438.4	80.2	260.64	:	5
247	15504	87365	55.68	178.23	:	10
252	8192	86346	82.35	2101.39	:	0
253	8192	86346	82.35	2101.39	:	0
257	6776	85843	38.24	865.88	:	6
258	6776	85843	38.24	865.88	:	6
259	6776	85843	38.24	865.88	:	6
260	6776	85843	38.24	865.88	:	6
261	6776	85843	38.24	865.88	:	6
262	6776	85843	38.24	865.88	:	6
263	6776	85843	38.24	865.88	:	6
264	6776	85843	38.24	865.88	:	6
265	6776	85843	38.24	865.88	:	6
266	6776	85843	38.24	865.88	:	6
267	6776	85843	38.24	865.88	:	6
268	6776	85843	38.24	865.88	:	6
278	13440	83080	77.28	118.69	:	6
284	36864	82161	79.6	203.87	:	3
285	14556	82023	55.68	185.77	:	9
287	9648	81664	74.77	214.78	:	7
288	9648	81664	74.77	214.78	:	7
289	9648	81664	74.77	214.78	:	7
290	9648	81664	74.77	214.78	:	7
291	5088	81170.8	76.7	450.95	:	6
292	14400	81144.4	52.96	215.38	:	7
293	14328	80739	48.08	166.13	:	11
295	14256	80333	55.68	185.77	:	10
296	14256	80333	55.68	185.77	:	10
300	8280	79320	90.03	352.53	:	1
303	5376	78680	77.85	91.59	:	6
304	5440	78680	76.93	90.54	:	7
305	13956	78642.4	52.96	210.94	:	8
306	15576	78404.3	55.68	232.38	:	6
309	13788	77696	48.08	200.83	:	9
310	13728	77358	55.68	185.77	:	11
311	13728	77358	55.68	185.77	:	11
312	10368	77280	81.02	115.17	:	5
313	9712	77267	74.6	85.27	:	7
314	7616	77170	90.47	232.44	:	1
317	8100	76669	88.96	305.33	:	3
318	8100	76669	88.96	305.33	:	3
320	13596	76614	52.96	181.77	:	12
321	13596	76614	52.96	181.77	:	12
322	13596	76614	52.96	181.77	:	12
323	13596	76614	52.96	181.77	:	12
324	13596	76614	52.96	181.77	:	12
325	13596	76614	52.96	181.77	:	12
326	13596	76614	52.96	181.77	:	12
327	13596	76614	52.96	181.77	:	12
328	13596	76614	52.96	181.77	:	12
329	13596	76614	52.96	181.77	:	12
330	13596	76614	52.96	181.77	:	12
331	13596	76614	52.96	181.77	:	12
335	3072	76533	81.18	406.98	:	5
336	10864	76510	75.01	147.13	:	7
337	13560	76411	55.68	185.77	:	12
338	13560	76411	55.68	185.77	:	12
341	13648	76030	55.05	176.2	:	12
343	13440	75735	52.96	181.78	:	13
349	13356	75261.4	52.96	210.93	:	9
351	7908	74851	88.96	354.31	:	3
352	7908	74851	88.96	354.31	:	3
353	13272	74788	55.68	185.77	:	13
354	13272	74788	55.68	185.77	:	13
355	13272	74788	55.68	185.77	:	13
358	3840	74389	93.14	932.66	:	0
362	13104	73841	58.7	215.38	:	7
363	13104	73841	58.7	215.38	:	7
364	7800	73829	88.96	305.33	:	4
365	13068	73639	52.96	181.78	:	14
366	8192	73639	80.26	256.83	:	5
367	3456	73350	80.39	565.97	:	5
369	4992	73060	77.85	91.67	:	7
370	4992	73060	77.85	91.67	:	7
371	32768	73032	79.6	204	:	3
374	7632	72239	88.96	354.32	:	3
375	3920	72030	69.6	467.73	:	6
376	7560	71557.5	88.96	361.79	:	2
377	24576	71440	85.5	377.99	:	3
378	12648	71272	52.96	215.38	:	8
382	2816	70760	81.9	410.49	:	5
384	5184	70280	43.77	731.85	:	5
386	6656	70000	93.9	200	:	1
387	12420	69987	48.08	177.02	:	15
388	12420	69987	48.08	177.02	:	15
389	12420	69987	48.08	177.02	:	15
395	12312	69378	48.08	177.02	:	16
396	12312	69378	48.08	177.02	:	16
401	12192	68702	55.68	185.77	:	14
402	12192	68702	55.68	185.77	:	14
403	12192	68702	55.68	185.77	:	14
407	12156	68500	55.68	220.93	:	7
408	12156	68499	48.08	177.01	:	17
409	12156	68499	48.08	177.01	:	17
410	12156	68499	48.08	177.01	:	17
411	12156	68499	48.08	177.01	:	17
413	12120	68297	55.68	185.77	:	15
415	13548	68196	55.68	232.39	:	7
416	3520	68190	93.14	932.58	:	2
418	11964	67680.3	48.27	201.61	:	10
419	11964	67680.3	48.27	201.61	:	10
432	11728	66345.2	55.9	178.93	:	8
442	8496	65780	85.65	357.44	:	3
444	11664	65726.9	55.68	185.77	:	16
445	11664	65726.9	55.68	185.77	:	16
448	11628	65524	52.96	181.77	:	17
449	11628	65524	52.96	181.77	:	17
450	11628	65524	52.96	181.77	:	17
454	9280	64860	72.8	286.74	:	6
455	8000	64860	84.45	332.62	:	4
456	6464	64630	89.27	150.3	:	2
457	16704	64597	42.65	134.51	:	8
458	14432	64596	49.36	102.02	:	11
459	11460	64577	55.68	185.77	:	17
460	11400	64490	55.9	178.93	:	9
461	11400	64490	55.9	178.93	:	9
462	2560	64327	81.88	410.48	:	6
463	11340	64150	48.27	201.6	:	11
465	13280	63828	53.17	146.48	:	13
466	13280	63828	53.17	146.48	:	13
467	11264	63720	55.9	196.76	:	8
468	11292	63630.7	52.96	210.94	:	9
472	11144	63042	53.17	172.41	:	18
473	11144	63042	53.17	172.41	:	18
474	11144	63042	53.17	172.41	:	18
476	3240	62765.6	93.14	932.62	:	1
477	13056	62751	53.17	167.18	:	14
478	6808	62729.5	86.4	210.5	:	5
479	11048	62498	55.9	178.92	:	10
480	11048	62498	55.9	178.92	:	10
481	11016	62317	48.27	201.61	:	11
482	6576	62244	88.96	354.32	:	4
483	6576	62244	88.96	354.32	:	4
485	11028	62143	48.08	177.02	:	18
486	11028	62143	48.08	177.02	:	18
487	11028	62143	48.08	177.02	:	18
488	11028	62143	48.08	177.02	:	18
489	11028	62143	48.08	177.02	:	18
490	11028	62143	48.08	177.02	:	18
499	4096	61037	93.14	816.55	:	2
